<?xml version="1.0" encoding="UTF-8"?>
<!-- Generated by org.testng.reporters.JUnitReportReporter -->
<testsuite hostname="DELL-PC" name="com.TestingMasters.FirstProgram.Myfirstprogram" tests="1" failures="0" timestamp="18 May 2017 07:32:30 GMT" time="0.063" errors="0">
  <testcase name="start" time="0.063" classname="com.TestingMasters.FirstProgram.Myfirstprogram"/>
</testsuite> <!-- com.TestingMasters.FirstProgram.Myfirstprogram -->
